\BOOKMARK [-1][-]{part.1}{Fundamentos}{}% 1
\BOOKMARK [0][-]{chapter.1}{Introducci\363n}{part.1}% 2
\BOOKMARK [1][-]{section.1.1}{Iniciar sesi\363n}{chapter.1}% 3
\BOOKMARK [1][-]{section.1.2}{El Notebook de Jupyter}{chapter.1}% 4
\BOOKMARK [2][-]{subsection.1.2.1}{Sistema de archivos}{section.1.2}% 5
\BOOKMARK [2][-]{subsection.1.2.2}{Hojas de trabajo}{section.1.2}% 6
\BOOKMARK [2][-]{subsection.1.2.3}{Interacci\363n con el sistema operativo}{section.1.2}% 7
\BOOKMARK [1][-]{section.1.3}{Notaci\363n}{chapter.1}% 8
\BOOKMARK [1][-]{section.1.4}{En resumen}{chapter.1}% 9
\BOOKMARK [0][-]{chapter.Alph1}{Uso de este documento}{part.1}% 10
\BOOKMARK [0][-]{chapter.Alph2}{LaTeX b\341sico}{part.1}% 11
\BOOKMARK [0][-]{chapter.2}{SAGE como calculadora avanzada}{part.1}% 12
\BOOKMARK [1][-]{section.2.1}{Aritm\351tica elemental}{chapter.2}% 13
\BOOKMARK [1][-]{section.2.2}{Listas y tuplas}{chapter.2}% 14
\BOOKMARK [1][-]{section.2.3}{Funciones}{chapter.2}% 15
\BOOKMARK [2][-]{subsection.2.3.1}{Variables y expresiones simb\363licas}{section.2.3}% 16
\BOOKMARK [2][-]{subsection.2.3.2}{Variables booleanas}{section.2.3}% 17
\BOOKMARK [1][-]{section.2.4}{Gr\341ficas}{chapter.2}% 18
\BOOKMARK [2][-]{subsection.2.4.1}{Gr\341ficas en 2D}{section.2.4}% 19
\BOOKMARK [2][-]{subsection.2.4.2}{Gr\341ficas en 3D}{section.2.4}% 20
\BOOKMARK [2][-]{subsection.2.4.3}{Gr\341ficas 3D en el notebook antiguo}{section.2.4}% 21
\BOOKMARK [1][-]{section.2.5}{C\341lculo}{chapter.2}% 22
\BOOKMARK [2][-]{subsection.2.5.1}{Ecuaciones}{section.2.5}% 23
\BOOKMARK [2][-]{subsection.2.5.2}{L\355mites}{section.2.5}% 24
\BOOKMARK [2][-]{subsection.2.5.3}{Series}{section.2.5}% 25
\BOOKMARK [2][-]{subsection.2.5.4}{C\341lculo diferencial}{section.2.5}% 26
\BOOKMARK [2][-]{subsection.2.5.5}{Desarrollo de Taylor}{section.2.5}% 27
\BOOKMARK [2][-]{subsection.2.5.6}{C\341lculo integral}{section.2.5}% 28
\BOOKMARK [1][-]{section.2.6}{\301lgebra lineal}{chapter.2}% 29
\BOOKMARK [2][-]{subsection.2.6.1}{Construcci\363n de matrices}{section.2.6}% 30
\BOOKMARK [2][-]{subsection.2.6.2}{Submatrices}{section.2.6}% 31
\BOOKMARK [2][-]{subsection.2.6.3}{Operaciones con matrices}{section.2.6}% 32
\BOOKMARK [2][-]{subsection.2.6.4}{Espacios vectoriales}{section.2.6}% 33
\BOOKMARK [2][-]{subsection.2.6.5}{Subespacios vectoriales}{section.2.6}% 34
\BOOKMARK [2][-]{subsection.2.6.6}{Bases y coordenadas}{section.2.6}% 35
\BOOKMARK [2][-]{subsection.2.6.7}{Producto escalar}{section.2.6}% 36
\BOOKMARK [1][-]{section.2.7}{Ejercicios}{chapter.2}% 37
\BOOKMARK [2][-]{subsection.2.7.1}{Inducci\363n y sucesiones}{section.2.7}% 38
\BOOKMARK [2][-]{subsection.2.7.2}{Un ejercicio de c\341lculo}{section.2.7}% 39
\BOOKMARK [2][-]{subsection.2.7.3}{Algunos ejercicios m\341s}{section.2.7}% 40
\BOOKMARK [2][-]{subsection.2.7.4}{Ejercicios de \301lgebra Lineal}{section.2.7}% 41
\BOOKMARK [0][-]{chapter.3}{Estructuras de datos}{part.1}% 42
\BOOKMARK [1][-]{section.3.1}{Datos b\341sicos: tipos}{chapter.3}% 43
\BOOKMARK [1][-]{section.3.2}{Listas}{chapter.3}% 44
\BOOKMARK [2][-]{subsection.3.2.1}{M\351todos y funciones con listas}{section.3.2}% 45
\BOOKMARK [2][-]{subsection.3.2.2}{Otras listas}{section.3.2}% 46
\BOOKMARK [2][-]{subsection.3.2.3}{Ejercicios con listas}{section.3.2}% 47
\BOOKMARK [1][-]{section.3.3}{Tuplas}{chapter.3}% 48
\BOOKMARK [2][-]{subsection.3.3.1}{Ejemplos con tuplas}{section.3.3}% 49
\BOOKMARK [1][-]{section.3.4}{Cadenas de caracteres}{chapter.3}% 50
\BOOKMARK [2][-]{subsection.3.4.1}{Ejercicios}{section.3.4}% 51
\BOOKMARK [1][-]{section.3.5}{Conjuntos}{chapter.3}% 52
\BOOKMARK [2][-]{subsection.3.5.1}{Ejercicios}{section.3.5}% 53
\BOOKMARK [1][-]{section.3.6}{Diccionarios}{chapter.3}% 54
\BOOKMARK [1][-]{section.3.7}{Conversiones}{chapter.3}% 55
\BOOKMARK [0][-]{chapter.4}{T\351cnicas de programaci\363n}{part.1}% 56
\BOOKMARK [1][-]{section.4.1}{Funciones}{chapter.4}% 57
\BOOKMARK [1][-]{section.4.2}{Control del flujo}{chapter.4}% 58
\BOOKMARK [2][-]{subsection.4.2.1}{Bucles for}{section.4.2}% 59
\BOOKMARK [2][-]{subsection.4.2.2}{Contadores y acumuladores}{section.4.2}% 60
\BOOKMARK [2][-]{subsection.4.2.3}{Otra sintaxis para los bucles}{section.4.2}% 61
\BOOKMARK [2][-]{subsection.4.2.4}{Otra m\341s}{section.4.2}% 62
\BOOKMARK [2][-]{subsection.4.2.5}{Los bloques |if <condicion>:|}{section.4.2}% 63
\BOOKMARK [2][-]{subsection.4.2.6}{Bucles |while|}{section.4.2}% 64
\BOOKMARK [1][-]{section.4.3}{Recursi\363n}{chapter.4}% 65
\BOOKMARK [1][-]{section.4.4}{Depurando c\363digo}{chapter.4}% 66
\BOOKMARK [1][-]{section.4.5}{Ejemplos}{chapter.4}% 67
\BOOKMARK [2][-]{subsection.4.5.1}{\323rbitas}{section.4.5}% 68
\BOOKMARK [2][-]{subsection.4.5.2}{Ordenaci\363n}{section.4.5}% 69
\BOOKMARK [1][-]{section.4.6}{Ejercicios}{chapter.4}% 70
\BOOKMARK [0][-]{chapter.Alph3}{M\341quina virtual}{part.1}% 71
\BOOKMARK [0][-]{chapter.Alph4}{Tortuga}{part.1}% 72
\BOOKMARK [0][-]{chapter.5}{Complementos}{part.1}% 73
\BOOKMARK [1][-]{section.5.1}{Sistemas de numeraci\363n}{chapter.5}% 74
\BOOKMARK [2][-]{subsection.5.1.1}{Cambios de base}{section.5.1}% 75
\BOOKMARK [2][-]{subsection.5.1.2}{Sistemas de numeraci\363n en Sage}{section.5.1}% 76
\BOOKMARK [2][-]{subsection.5.1.3}{La prueba del 9 y otros trucos similares}{section.5.1}% 77
\BOOKMARK [1][-]{section.5.2}{Trucos}{chapter.5}% 78
\BOOKMARK [2][-]{subsection.5.2.1}{Potencias}{section.5.2}% 79
\BOOKMARK [2][-]{subsection.5.2.2}{Listas binarias}{section.5.2}% 80
\BOOKMARK [2][-]{subsection.5.2.3}{Archivos binarios}{section.5.2}% 81
\BOOKMARK [2][-]{subsection.5.2.4}{La Enciclopedia de sucesiones de enteros}{section.5.2}% 82
\BOOKMARK [2][-]{subsection.5.2.5}{Enlaces a otras zonas del documento}{section.5.2}% 83
\BOOKMARK [1][-]{section.5.3}{Fuerza bruta}{chapter.5}% 84
\BOOKMARK [1][-]{section.5.4}{C\341lculo en paralelo}{chapter.5}% 85
\BOOKMARK [1][-]{section.5.5}{Eficiencia}{chapter.5}% 86
\BOOKMARK [2][-]{subsection.5.5.1}{Control del tiempo}{section.5.5}% 87
\BOOKMARK [2][-]{subsection.5.5.2}{Control de la RAM}{section.5.5}% 88
\BOOKMARK [2][-]{subsection.5.5.3}{Cython}{section.5.5}% 89
\BOOKMARK [2][-]{subsection.5.5.4}{Numpy}{section.5.5}% 90
\BOOKMARK [0][-]{chapter.Alph5}{Recursos}{part.1}% 91
\BOOKMARK [1][-]{section.Alph5.1}{Bibliograf\355a}{chapter.Alph5}% 92
\BOOKMARK [1][-]{section.Alph5.2}{Otros}{chapter.Alph5}% 93
